<?xml version="1.0" encoding="UTF-8" ?>
<testsuite tests="4" failures="0" name="com.lemon.mybatis.test.SQLMapperTest" time="0.128" errors="0" skipped="0">
  <properties>
    <property name="idea.version" value="2022.1.3"/>
    <property name="java.runtime.name" value="Java(TM) SE Runtime Environment"/>
    <property name="sun.boot.library.path" value="E:\JDK\jdk1.8\jre\bin"/>
    <property name="java.vm.version" value="25.301-b09"/>
    <property name="java.vm.vendor" value="Oracle Corporation"/>
    <property name="maven.multiModuleProjectDirectory" value="D:\System\Desktop\myFile\code\code\MyBatis\MyBatis\MyBatis_demo2"/>
    <property name="java.vendor.url" value="http://java.oracle.com/"/>
    <property name="path.separator" value=";"/>
    <property name="guice.disable.misplaced.annotation.check" value="true"/>
    <property name="java.vm.name" value="Java HotSpot(TM) 64-Bit Server VM"/>
    <property name="file.encoding.pkg" value="sun.io"/>
    <property name="user.script" value=""/>
    <property name="user.country" value="CN"/>
    <property name="sun.java.launcher" value="SUN_STANDARD"/>
    <property name="sun.os.patch.level" value=""/>
    <property name="java.vm.specification.name" value="Java Virtual Machine Specification"/>
    <property name="user.dir" value="D:\System\Desktop\myFile\code\code\MyBatis\MyBatis\MyBatis_demo2"/>
    <property name="java.runtime.version" value="1.8.0_301-b09"/>
    <property name="java.awt.graphicsenv" value="sun.awt.Win32GraphicsEnvironment"/>
    <property name="java.endorsed.dirs" value="E:\JDK\jdk1.8\jre\lib\endorsed"/>
    <property name="os.arch" value="amd64"/>
    <property name="java.io.tmpdir" value="D:\TEMP1\"/>
    <property name="line.separator" value="
"/>
    <property name="java.vm.specification.vendor" value="Oracle Corporation"/>
    <property name="user.variant" value=""/>
    <property name="os.name" value="Windows 10"/>
    <property name="maven.ext.class.path" value="E:\JetBrains\Toolbox\apps\IDEA-U\ch-0\221.5921.22\plugins\maven\lib\maven-event-listener.jar"/>
    <property name="classworlds.conf" value="E:\apache-maven-3.8.5-bin\apache-maven-3.8.5\bin\m2.conf"/>
    <property name="sun.jnu.encoding" value="GBK"/>
    <property name="java.library.path" value="E:\JDK\jdk1.8\bin;C:\Windows\Sun\Java\bin;C:\Windows\system32;C:\Windows;E:\JDK\jdk11\bin;C:\Program Files\Microsoft\jdk-11.0.12.7-hotspot\bin;D:\MySQL\MySQL Server 8.0\bin;E:\VMware Workstation\bin\;C:\Program Files\Common Files\Oracle\Java\javapath;C:\Windows\system32;C:\Windows;C:\Windows\System32\Wbem;C:\Windows\System32\WindowsPowerShell\v1.0\;C:\Windows\System32\OpenSSH\;C:\Program Files (x86)\NVIDIA Corporation\PhysX\Common;E:\MinGW\bin;C:\Program Files\NVIDIA Corporation\NVIDIA NvDLISR;E:\Git\cmd;E:\nodejs\;E:\ffmpeg-2022-01-10-git-f37e66b393-full_build\bin;E:\texlive\2021\bin\win32;C:\Program Files\dotnet\;E:\apache-tomcat-8.5.75-windows-x64\apache-tomcat-8.5.75\bin;E:\Android\SDK\platform-tools;D:\mypath;E:\texlive\2022\bin\win32;E:\apache-tomcat-9.0.62-windows-x64\apache-tomcat-9.0.62\lib\;C:\Users\Administrator\AppData\Roaming\pip;E:\Vim\vim82;D:\Tencent\微信web开发者工具\dll;E:\apache-maven-3.8.5-bin\apache-maven-3.8.5\bin;E:\Git\bin\Git LFS;E:\Go\bin;E:\Tencent\微信web开发者工具\dll;E:\CMake\bin;E:\cf_v1.0.0_windows_64;E:\MySQL\MySQL Server 8.0\bin;C:\Program Files\Microsoft SQL Server\150\Tools\Binn\;C:\Program Files\Microsoft SQL Server\Client SDK\ODBC\170\Tools\Binn\;E:\Ruby31\bin;E:\Scoop\apps\gcc\current\bin;E:\Scoop\shims;C:\Users\Administrator\scoop\shims;E:\Python\Python310\Scripts\;E:\Python\Python310\;C:\Users\Administrator\AppData\Local\Microsoft\WindowsApps;E:\Bandzip\;E:\Microsoft VS Code\Microsoft VS Code\bin;C:\Users\Administrator\AppData\Roaming\npm;C:\Users\Administrator\AppData\Local\Pandoc\;C:\Users\Administrator\go\bin;E:\texlive\2021\bin\win32;D:\JetBrains\PyCharm Community Edition 2022.1\bin;D:\JetBrains\WebStorm 2022.1\bin;C:\Users\Administrator\AppData\Local\GitHubDesktop\bin;C:\Users\Administrator\go\bin;C:\Users\Administrator\.dotnet\tools;;."/>
    <property name="maven.conf" value="E:\apache-maven-3.8.5-bin\apache-maven-3.8.5/conf"/>
    <property name="java.specification.name" value="Java Platform API Specification"/>
    <property name="java.class.version" value="52.0"/>
    <property name="sun.management.compiler" value="HotSpot 64-Bit Tiered Compilers"/>
    <property name="os.version" value="10.0"/>
    <property name="user.home" value="C:\Users\Administrator"/>
    <property name="user.timezone" value="Asia/Shanghai"/>
    <property name="java.awt.printerjob" value="sun.awt.windows.WPrinterJob"/>
    <property name="java.specification.version" value="1.8"/>
    <property name="file.encoding" value="UTF-8"/>
    <property name="user.name" value="Administrator"/>
    <property name="java.class.path" value="E:\apache-maven-3.8.5-bin\apache-maven-3.8.5\boot\plexus-classworlds-2.6.0.jar;E:\apache-maven-3.8.5-bin\apache-maven-3.8.5\boot\plexus-classworlds.license;E:\JetBrains\Toolbox\apps\IDEA-U\ch-0\221.5921.22\lib\idea_rt.jar"/>
    <property name="java.vm.specification.version" value="1.8"/>
    <property name="sun.arch.data.model" value="64"/>
    <property name="java.home" value="E:\JDK\jdk1.8\jre"/>
    <property name="sun.java.command" value="org.codehaus.classworlds.Launcher -Didea.version=2022.1.3 package"/>
    <property name="java.specification.vendor" value="Oracle Corporation"/>
    <property name="user.language" value="zh"/>
    <property name="awt.toolkit" value="sun.awt.windows.WToolkit"/>
    <property name="java.vm.info" value="mixed mode"/>
    <property name="java.version" value="1.8.0_301"/>
    <property name="java.ext.dirs" value="E:\JDK\jdk1.8\jre\lib\ext;C:\Windows\Sun\Java\lib\ext"/>
    <property name="sun.boot.class.path" value="E:\JDK\jdk1.8\jre\lib\resources.jar;E:\JDK\jdk1.8\jre\lib\rt.jar;E:\JDK\jdk1.8\jre\lib\sunrsasign.jar;E:\JDK\jdk1.8\jre\lib\jsse.jar;E:\JDK\jdk1.8\jre\lib\jce.jar;E:\JDK\jdk1.8\jre\lib\charsets.jar;E:\JDK\jdk1.8\jre\lib\jfr.jar;E:\JDK\jdk1.8\jre\classes"/>
    <property name="java.vendor" value="Oracle Corporation"/>
    <property name="maven.home" value="E:\apache-maven-3.8.5-bin\apache-maven-3.8.5"/>
    <property name="file.separator" value="\"/>
    <property name="java.vendor.url.bug" value="http://bugreport.sun.com/bugreport/"/>
    <property name="sun.cpu.endian" value="little"/>
    <property name="sun.io.unicode.encoding" value="UnicodeLittle"/>
    <property name="sun.desktop" value="windows"/>
    <property name="sun.cpu.isalist" value="amd64"/>
  </properties>
  <testcase classname="com.lemon.mybatis.test.SQLMapperTest" name="testGetUserByLike" time="0.026"/>
  <testcase classname="com.lemon.mybatis.test.SQLMapperTest" name="testInsertUser" time="0.043"/>
  <testcase classname="com.lemon.mybatis.test.SQLMapperTest" name="testDeleteMore" time="0.032"/>
  <testcase classname="com.lemon.mybatis.test.SQLMapperTest" name="testGetUserByTableName" time="0.027"/>
</testsuite>